     1                                  section .data; сегмент инициализированных переменных
     2 00000000 507265737320456E74-         ExitMsg db "Press Enter to Exit",10 ; выводимое сообщение
     2 00000009 657220746F20457869-
     2 00000012 740A               
     3                                      lenExit equ $-ExitMsg
     4                                  ; сегмент неинициализированных переменных
     5                                  section .bss
     6 00000000 <res Ah>                    InBuf resb 10 ; буфер для вводимой строки
     7                                      lenIn equ $-InBuf
     8                                  section .text ; сегмент кода
     9                                  global _start
    10                                  _start:
    11                                      ; write
    12 00000000 B801000000                  mov rax, 1; системная функция 1 (write)
    13 00000005 BF01000000                  mov rdi, 1; дескриптор файла stdout=1
    14 0000000A 48BE-                       mov rsi, ExitMsg ; адрес выводимой строки
    14 0000000C [0000000000000000] 
    15 00000014 BA14000000                  mov rdx, lenExit ; длина строки
    16 00000019 0F05                        syscall; вызов системной функции
    17                                      ; read
    18 0000001B B800000000                  mov rax, 0; системная функция 0 (read)
    19 00000020 BF00000000                  mov rdi, 0; дескриптор файла stdin=0
    20 00000025 48BE-                       mov rsi, InBuf; адрес вводимой строки
    20 00000027 [0000000000000000] 
    21 0000002F BA0A000000                  mov rdx, lenIn; длина строки
    22 00000034 0F05                        syscall; вызов системной функции
    23                                      ; exit
    24                                  exit:
    25 00000036 B83C000000                  mov rax, 60; системная функция 60 (exit)
    26 0000003B 4831FF                      xor rdi, rdi; return code 0
    27 0000003E 0F05                        syscall; вызов системной функции
